SF:lib/providers/weather_provider.dart
DA:11,0
DA:12,8
DA:13,4
DA:14,2
DA:16,0
DA:17,0
DA:18,0
DA:20,0
DA:22,0
DA:25,0
DA:26,0
DA:27,0
DA:28,0
DA:29,0
DA:32,0
DA:33,0
DA:34,0
DA:37,1
DA:38,2
DA:39,1
DA:41,0
DA:43,1
DA:46,2
DA:47,2
DA:48,2
DA:51,1
DA:52,1
DA:53,1
LF:28
LH:13
end_of_record
SF:lib/widgets/home/home.dart
DA:9,5
DA:11,4
DA:12,4
DA:20,4
DA:22,8
DA:23,4
DA:26,4
DA:28,8
DA:29,4
DA:32,4
DA:34,8
DA:35,4
DA:36,12
DA:39,4
DA:40,16
DA:41,4
DA:43,4
DA:48,4
DA:50,12
DA:53,4
DA:56,4
DA:58,4
DA:59,4
DA:60,4
DA:61,4
DA:62,4
DA:64,4
DA:67,4
DA:76,0
DA:77,0
DA:78,0
DA:80,4
DA:81,4
DA:82,4
DA:83,4
DA:86,12
DA:87,2
DA:88,4
DA:89,4
LF:39
LH:36
end_of_record
SF:lib/widgets/home/show_results.dart
DA:10,4
DA:12,2
DA:14,2
DA:15,2
DA:16,4
DA:17,2
DA:18,2
DA:19,0
DA:20,0
DA:22,2
DA:24,2
DA:25,2
DA:26,2
DA:27,6
DA:29,2
DA:30,2
DA:31,2
DA:32,2
DA:33,6
DA:34,6
DA:37,2
DA:38,6
LF:22
LH:20
end_of_record
SF:lib/widgets/show_weather/button.dart
DA:6,2
DA:7,2
DA:9,2
DA:11,2
DA:12,1
DA:13,2
DA:15,2
DA:16,6
DA:17,2
DA:19,2
DA:22,4
LF:11
LH:11
end_of_record
SF:lib/constants/theme.dart
DA:3,6
DA:5,2
DA:6,2
DA:7,2
DA:8,2
DA:9,2
DA:10,2
DA:49,8
DA:50,6
DA:54,8
DA:55,6
LF:11
LH:11
end_of_record
SF:lib/widgets/app/app.dart
DA:10,1
DA:12,1
DA:14,1
DA:15,1
DA:16,3
DA:24,5
DA:26,2
DA:28,2
DA:30,2
DA:31,2
DA:32,2
DA:33,2
DA:44,4
LF:13
LH:13
end_of_record
SF:lib/widgets/show_weather/show_weather.dart
DA:12,3
DA:14,1
DA:15,1
DA:21,1
DA:23,2
DA:24,5
DA:25,5
DA:26,5
DA:28,3
DA:29,1
DA:30,1
DA:31,1
DA:33,1
DA:34,1
DA:35,1
DA:36,1
DA:37,1
DA:38,0
DA:39,0
DA:41,1
DA:43,3
DA:48,1
DA:49,4
DA:50,3
DA:55,1
DA:56,1
DA:57,2
DA:59,1
DA:60,3
DA:61,1
DA:62,1
DA:63,1
DA:64,4
DA:68,1
DA:69,0
DA:70,0
DA:71,0
DA:72,0
DA:73,0
DA:74,0
DA:76,1
DA:77,3
DA:81,1
DA:82,3
DA:83,1
DA:85,1
DA:87,1
DA:89,1
DA:90,1
DA:92,1
DA:93,1
DA:94,1
DA:95,3
DA:100,1
DA:101,3
DA:102,4
DA:103,3
DA:109,1
DA:111,1
DA:112,1
DA:113,1
DA:114,1
DA:115,3
DA:116,3
DA:120,1
DA:122,1
DA:123,1
DA:125,3
DA:127,3
DA:128,3
DA:132,1
DA:134,3
DA:136,3
DA:137,3
DA:146,1
DA:147,1
DA:148,1
DA:149,8
DA:160,4
DA:165,1
DA:166,3
LF:81
LH:73
end_of_record
SF:lib/widgets/show_weather/forecast_list.dart
DA:11,2
DA:13,1
DA:15,1
DA:16,1
DA:17,2
DA:18,1
DA:19,1
DA:20,3
DA:22,3
DA:23,3
DA:25,1
DA:27,1
DA:28,3
DA:29,1
DA:31,1
DA:33,1
DA:35,1
DA:36,1
DA:37,1
DA:38,1
DA:39,4
DA:40,3
DA:45,3
DA:46,3
DA:50,1
DA:51,6
LF:26
LH:26
end_of_record
